#0 building with "default" instance using docker driver

#1 [internal] load build definition from Dockerfile.final
#1 transferring dockerfile: 508B done
#1 DONE 0.0s

#2 [internal] load metadata for docker.io/library/python:3.11-slim
#2 DONE 0.0s

#3 [internal] load .dockerignore
#3 transferring context: 2B done
#3 DONE 0.0s

#4 [1/6] FROM docker.io/library/python:3.11-slim
#4 DONE 0.0s

#5 [internal] load build context
#5 transferring context: 580.70kB 0.1s done
#5 DONE 0.1s

#6 [2/6] WORKDIR /app
#6 CACHED

#7 [3/6] RUN apt-get update && apt-get install -y --no-install-recommends     ca-certificates     wget     && rm -rf /var/lib/apt/lists/*
#7 CACHED

#8 [4/6] COPY requirements.txt ./
#8 DONE 0.1s

#9 [5/6] RUN python -m pip install --upgrade pip setuptools wheel &&     pip install --no-cache-dir -r requirements.txt
#9 1.766 Requirement already satisfied: pip in /usr/local/lib/python3.11/site-packages (24.0)
#9 2.205 Collecting pip
#9 2.635   Downloading pip-25.3-py3-none-any.whl.metadata (4.7 kB)
#9 2.656 Requirement already satisfied: setuptools in /usr/local/lib/python3.11/site-packages (79.0.1)
#9 3.231 Collecting setuptools
#9 3.305   Downloading setuptools-80.9.0-py3-none-any.whl.metadata (6.6 kB)
#9 3.332 Requirement already satisfied: wheel in /usr/local/lib/python3.11/site-packages (0.45.1)
#9 3.653 Downloading pip-25.3-py3-none-any.whl (1.8 MB)
#9 9.450    ━━━━━━━━━━━━━━━━━━━━━━━━━━━━━━━━━━━━━━━━ 1.8/1.8 MB 306.8 kB/s eta 0:00:00
#9 9.548 Downloading setuptools-80.9.0-py3-none-any.whl (1.2 MB)
#9 14.62    ━━━━━━━━━━━━━━━━━━━━━━━━━━━━━━━━━━━━━━━━ 1.2/1.2 MB 236.0 kB/s eta 0:00:00
#9 14.70 Installing collected packages: setuptools, pip
#9 14.70   Attempting uninstall: setuptools
#9 14.70     Found existing installation: setuptools 79.0.1
#9 14.71     Uninstalling setuptools-79.0.1:
#9 14.93       Successfully uninstalled setuptools-79.0.1
#9 15.51   Attempting uninstall: pip
#9 15.51     Found existing installation: pip 24.0
#9 15.54     Uninstalling pip-24.0:
#9 15.63       Successfully uninstalled pip-24.0
#9 16.24 Successfully installed pip-25.3 setuptools-80.9.0
#9 16.24 WARNING: Running pip as the 'root' user can result in broken permissions and conflicting behaviour with the system package manager. It is recommended to use a virtual environment instead: https://pip.pypa.io/warnings/venv
#9 17.55 Collecting fastapi==0.95.2 (from -r requirements.txt (line 1))
#9 17.92   Downloading fastapi-0.95.2-py3-none-any.whl.metadata (24 kB)
#9 18.11 Collecting uvicorn==0.22.0 (from uvicorn[standard]==0.22.0->-r requirements.txt (line 2))
#9 18.20   Downloading uvicorn-0.22.0-py3-none-any.whl.metadata (6.3 kB)
#9 19.62 Collecting numpy==1.26.4 (from -r requirements.txt (line 3))
#9 19.70   Downloading numpy-1.26.4-cp311-cp311-manylinux_2_17_x86_64.manylinux2014_x86_64.whl.metadata (61 kB)
#9 21.21 Collecting scipy==1.10.1 (from -r requirements.txt (line 4))
#9 21.29   Downloading scipy-1.10.1-cp311-cp311-manylinux_2_17_x86_64.manylinux2014_x86_64.whl.metadata (58 kB)
#9 22.25 Collecting scikit-learn==1.8.0 (from -r requirements.txt (line 5))
#9 22.42   Downloading scikit_learn-1.8.0-cp311-cp311-manylinux_2_27_x86_64.manylinux_2_28_x86_64.whl.metadata (11 kB)
#9 22.60 Collecting joblib==1.5.3 (from -r requirements.txt (line 6))
#9 22.74   Downloading joblib-1.5.3-py3-none-any.whl.metadata (5.5 kB)
#9 22.91 Collecting threadpoolctl==3.1.0 (from -r requirements.txt (line 7))
#9 23.04   Downloading threadpoolctl-3.1.0-py3-none-any.whl.metadata (9.2 kB)
#9 23.35 Collecting python-multipart==0.0.21 (from -r requirements.txt (line 8))
#9 23.50   Downloading python_multipart-0.0.21-py3-none-any.whl.metadata (1.8 kB)
#9 24.39 Collecting aiofiles==25.1.0 (from -r requirements.txt (line 9))
#9 24.84   Downloading aiofiles-25.1.0-py3-none-any.whl.metadata (6.3 kB)
#9 25.13 Collecting requests==2.32.5 (from -r requirements.txt (line 10))
#9 25.21   Downloading requests-2.32.5-py3-none-any.whl.metadata (4.9 kB)
#9 25.37 Collecting httpx==0.24.1 (from -r requirements.txt (line 11))
#9 25.44   Downloading httpx-0.24.1-py3-none-any.whl.metadata (7.4 kB)
#9 27.25 Collecting pydantic!=1.7,!=1.7.1,!=1.7.2,!=1.7.3,!=1.8,!=1.8.1,<2.0.0,>=1.6.2 (from fastapi==0.95.2->-r requirements.txt (line 1))
#9 27.33   Downloading pydantic-1.10.26-cp311-cp311-manylinux2014_x86_64.manylinux_2_17_x86_64.whl.metadata (155 kB)
#9 28.20 Collecting starlette<0.28.0,>=0.27.0 (from fastapi==0.95.2->-r requirements.txt (line 1))
#9 28.27   Downloading starlette-0.27.0-py3-none-any.whl.metadata (5.8 kB)
#9 28.42 Collecting click>=7.0 (from uvicorn==0.22.0->uvicorn[standard]==0.22.0->-r requirements.txt (line 2))
#9 28.50   Downloading click-8.3.1-py3-none-any.whl.metadata (2.6 kB)
#9 28.61 Collecting h11>=0.8 (from uvicorn==0.22.0->uvicorn[standard]==0.22.0->-r requirements.txt (line 2))
#9 28.68   Downloading h11-0.16.0-py3-none-any.whl.metadata (8.3 kB)
#9 28.73 INFO: pip is looking at multiple versions of scikit-learn to determine which version is compatible with other requirements. This could take a while.
#9 28.73 ERROR: Cannot install -r requirements.txt (line 5) and threadpoolctl==3.1.0 because these package versions have conflicting dependencies.
#9 28.73 
#9 28.73 The conflict is caused by:
#9 28.73     The user requested threadpoolctl==3.1.0
#9 28.73     scikit-learn 1.8.0 depends on threadpoolctl>=3.2.0
#9 28.73 
#9 28.73 Additionally, some packages in these conflicts have no matching distributions available for your environment:
#9 28.73     threadpoolctl
#9 28.73 
#9 28.73 To fix this you could try to:
#9 28.73 1. loosen the range of package versions you've specified
#9 28.73 2. remove package versions to allow pip to attempt to solve the dependency conflict
#9 28.73 
#9 29.19 ERROR: ResolutionImpossible: for help visit https://pip.pypa.io/en/latest/topics/dependency-resolution/#dealing-with-dependency-conflicts
#9 ERROR: process "/bin/sh -c python -m pip install --upgrade pip setuptools wheel &&     pip install --no-cache-dir -r requirements.txt" did not complete successfully: exit code: 1
------
 > [5/6] RUN python -m pip install --upgrade pip setuptools wheel &&     pip install --no-cache-dir -r requirements.txt:
28.73     scikit-learn 1.8.0 depends on threadpoolctl>=3.2.0
28.73 
28.73 Additionally, some packages in these conflicts have no matching distributions available for your environment:
28.73     threadpoolctl
28.73 
28.73 To fix this you could try to:
28.73 1. loosen the range of package versions you've specified
28.73 2. remove package versions to allow pip to attempt to solve the dependency conflict
28.73 
29.19 ERROR: ResolutionImpossible: for help visit https://pip.pypa.io/en/latest/topics/dependency-resolution/#dealing-with-dependency-conflicts
------
Dockerfile.final:10
--------------------
   9 |     COPY requirements.txt ./
  10 | >>> RUN python -m pip install --upgrade pip setuptools wheel && \
  11 | >>>     pip install --no-cache-dir -r requirements.txt
  12 |     
--------------------
ERROR: failed to solve: process "/bin/sh -c python -m pip install --upgrade pip setuptools wheel &&     pip install --no-cache-dir -r requirements.txt" did not complete successfully: exit code: 1
