#0 building with "default" instance using docker driver

#1 [internal] load build definition from Dockerfile.final
#1 transferring dockerfile: 508B done
#1 DONE 0.0s

#2 [internal] load metadata for docker.io/library/python:3.11-slim
#2 DONE 0.0s

#3 [internal] load .dockerignore
#3 transferring context: 2B done
#3 DONE 0.0s

#4 [1/6] FROM docker.io/library/python:3.11-slim
#4 DONE 0.0s

#5 [internal] load build context
#5 transferring context: 574.41kB 0.1s done
#5 DONE 0.1s

#6 [2/6] WORKDIR /app
#6 CACHED

#7 [3/6] RUN apt-get update && apt-get install -y --no-install-recommends     ca-certificates     wget     && rm -rf /var/lib/apt/lists/*
#7 CACHED

#8 [4/6] COPY requirements.txt ./
#8 DONE 0.0s

#9 [5/6] RUN python -m pip install --upgrade pip setuptools wheel &&     pip install --no-cache-dir -r requirements.txt
#9 1.830 Requirement already satisfied: pip in /usr/local/lib/python3.11/site-packages (24.0)
#9 2.312 Collecting pip
#9 2.631   Downloading pip-25.3-py3-none-any.whl.metadata (4.7 kB)
#9 2.654 Requirement already satisfied: setuptools in /usr/local/lib/python3.11/site-packages (79.0.1)
#9 3.448 Collecting setuptools
#9 3.520   Downloading setuptools-80.9.0-py3-none-any.whl.metadata (6.6 kB)
#9 3.537 Requirement already satisfied: wheel in /usr/local/lib/python3.11/site-packages (0.45.1)
#9 3.790 Downloading pip-25.3-py3-none-any.whl (1.8 MB)
#9 10.87    ━━━━━━━━━━━━━━━━━━━━━━━━━━━━━━━━━━━━━━━━ 1.8/1.8 MB 251.8 kB/s eta 0:00:00
#9 10.95 Downloading setuptools-80.9.0-py3-none-any.whl (1.2 MB)
#9 15.40    ━━━━━━━━━━━━━━━━━━━━━━━━━━━━━━━━━━━━━━━━ 1.2/1.2 MB 273.1 kB/s eta 0:00:00
#9 15.50 Installing collected packages: setuptools, pip
#9 15.50   Attempting uninstall: setuptools
#9 15.50     Found existing installation: setuptools 79.0.1
#9 15.53     Uninstalling setuptools-79.0.1:
#9 15.77       Successfully uninstalled setuptools-79.0.1
#9 16.28   Attempting uninstall: pip
#9 16.28     Found existing installation: pip 24.0
#9 16.31     Uninstalling pip-24.0:
#9 16.40       Successfully uninstalled pip-24.0
#9 16.94 Successfully installed pip-25.3 setuptools-80.9.0
#9 16.94 WARNING: Running pip as the 'root' user can result in broken permissions and conflicting behaviour with the system package manager. It is recommended to use a virtual environment instead: https://pip.pypa.io/warnings/venv
#9 18.17 Collecting fastapi==0.95.2 (from -r requirements.txt (line 1))
#9 18.50   Downloading fastapi-0.95.2-py3-none-any.whl.metadata (24 kB)
#9 18.69 Collecting uvicorn==0.22.0 (from uvicorn[standard]==0.22.0->-r requirements.txt (line 2))
#9 18.78   Downloading uvicorn-0.22.0-py3-none-any.whl.metadata (6.3 kB)
#9 19.80 Collecting numpy==2.4.0 (from -r requirements.txt (line 3))
#9 19.94   Downloading numpy-2.4.0-cp311-cp311-manylinux_2_27_x86_64.manylinux_2_28_x86_64.whl.metadata (6.6 kB)
#9 21.85 Collecting scipy==1.10.1 (from -r requirements.txt (line 4))
#9 21.95   Downloading scipy-1.10.1-cp311-cp311-manylinux_2_17_x86_64.manylinux2014_x86_64.whl.metadata (58 kB)
#9 22.64 Collecting scikit-learn==1.8.0 (from -r requirements.txt (line 5))
#9 22.73   Downloading scikit_learn-1.8.0-cp311-cp311-manylinux_2_27_x86_64.manylinux_2_28_x86_64.whl.metadata (11 kB)
#9 22.90 Collecting joblib==1.5.3 (from -r requirements.txt (line 6))
#9 22.99   Downloading joblib-1.5.3-py3-none-any.whl.metadata (5.5 kB)
#9 23.11 Collecting threadpoolctl==3.1.0 (from -r requirements.txt (line 7))
#9 23.20   Downloading threadpoolctl-3.1.0-py3-none-any.whl.metadata (9.2 kB)
#9 23.32 Collecting python-multipart==0.0.21 (from -r requirements.txt (line 8))
#9 23.41   Downloading python_multipart-0.0.21-py3-none-any.whl.metadata (1.8 kB)
#9 23.52 Collecting aiofiles==25.1.0 (from -r requirements.txt (line 9))
#9 23.62   Downloading aiofiles-25.1.0-py3-none-any.whl.metadata (6.3 kB)
#9 23.79 Collecting requests==2.32.5 (from -r requirements.txt (line 10))
#9 23.89   Downloading requests-2.32.5-py3-none-any.whl.metadata (4.9 kB)
#9 24.06 Collecting httpx==0.24.1 (from -r requirements.txt (line 11))
#9 24.16   Downloading httpx-0.24.1-py3-none-any.whl.metadata (7.4 kB)
#9 25.12 Collecting pydantic!=1.7,!=1.7.1,!=1.7.2,!=1.7.3,!=1.8,!=1.8.1,<2.0.0,>=1.6.2 (from fastapi==0.95.2->-r requirements.txt (line 1))
#9 25.20   Downloading pydantic-1.10.26-cp311-cp311-manylinux2014_x86_64.manylinux_2_17_x86_64.whl.metadata (155 kB)
#9 26.04 Collecting starlette<0.28.0,>=0.27.0 (from fastapi==0.95.2->-r requirements.txt (line 1))
#9 26.12   Downloading starlette-0.27.0-py3-none-any.whl.metadata (5.8 kB)
#9 26.25 Collecting click>=7.0 (from uvicorn==0.22.0->uvicorn[standard]==0.22.0->-r requirements.txt (line 2))
#9 26.32   Downloading click-8.3.1-py3-none-any.whl.metadata (2.6 kB)
#9 26.42 Collecting h11>=0.8 (from uvicorn==0.22.0->uvicorn[standard]==0.22.0->-r requirements.txt (line 2))
#9 26.49   Downloading h11-0.16.0-py3-none-any.whl.metadata (8.3 kB)
#9 26.51 INFO: pip is looking at multiple versions of scipy to determine which version is compatible with other requirements. This could take a while.
#9 26.51 ERROR: Cannot install -r requirements.txt (line 4) and numpy==2.4.0 because these package versions have conflicting dependencies.
#9 26.51 
#9 26.51 The conflict is caused by:
#9 26.51     The user requested numpy==2.4.0
#9 26.51     scipy 1.10.1 depends on numpy<1.27.0 and >=1.19.5
#9 26.51 
#9 26.51 Additionally, some packages in these conflicts have no matching distributions available for your environment:
#9 26.51     numpy
#9 26.51 
#9 26.51 To fix this you could try to:
#9 26.51 1. loosen the range of package versions you've specified
#9 26.51 2. remove package versions to allow pip to attempt to solve the dependency conflict
#9 26.51 
#9 27.08 ERROR: ResolutionImpossible: for help visit https://pip.pypa.io/en/latest/topics/dependency-resolution/#dealing-with-dependency-conflicts
#9 ERROR: process "/bin/sh -c python -m pip install --upgrade pip setuptools wheel &&     pip install --no-cache-dir -r requirements.txt" did not complete successfully: exit code: 1
------
 > [5/6] RUN python -m pip install --upgrade pip setuptools wheel &&     pip install --no-cache-dir -r requirements.txt:
26.51     scipy 1.10.1 depends on numpy<1.27.0 and >=1.19.5
26.51 
26.51 Additionally, some packages in these conflicts have no matching distributions available for your environment:
26.51     numpy
26.51 
26.51 To fix this you could try to:
26.51 1. loosen the range of package versions you've specified
26.51 2. remove package versions to allow pip to attempt to solve the dependency conflict
26.51 
27.08 ERROR: ResolutionImpossible: for help visit https://pip.pypa.io/en/latest/topics/dependency-resolution/#dealing-with-dependency-conflicts
------
Dockerfile.final:10
--------------------
   9 |     COPY requirements.txt ./
  10 | >>> RUN python -m pip install --upgrade pip setuptools wheel && \
  11 | >>>     pip install --no-cache-dir -r requirements.txt
  12 |     
--------------------
ERROR: failed to solve: process "/bin/sh -c python -m pip install --upgrade pip setuptools wheel &&     pip install --no-cache-dir -r requirements.txt" did not complete successfully: exit code: 1
