#0 building with "default" instance using docker driver

#1 [internal] load build definition from Dockerfile.final
#1 transferring dockerfile: 508B done
#1 DONE 0.0s

#2 [internal] load metadata for docker.io/library/python:3.11-slim
#2 DONE 0.0s

#3 [internal] load .dockerignore
#3 transferring context: 2B done
#3 DONE 0.0s

#4 [1/6] FROM docker.io/library/python:3.11-slim
#4 DONE 0.0s

#5 [internal] load build context
#5 transferring context: 581.04kB 0.1s done
#5 DONE 0.1s

#6 [2/6] WORKDIR /app
#6 CACHED

#7 [3/6] RUN apt-get update && apt-get install -y --no-install-recommends     ca-certificates     wget     && rm -rf /var/lib/apt/lists/*
#7 CACHED

#8 [4/6] COPY requirements.txt ./
#8 DONE 0.0s

#9 [5/6] RUN python -m pip install --upgrade pip setuptools wheel &&     pip install --no-cache-dir -r requirements.txt
#9 1.862 Requirement already satisfied: pip in /usr/local/lib/python3.11/site-packages (24.0)
#9 2.645 Collecting pip
#9 4.021   Downloading pip-25.3-py3-none-any.whl.metadata (4.7 kB)
#9 4.042 Requirement already satisfied: setuptools in /usr/local/lib/python3.11/site-packages (79.0.1)
#9 4.973 Collecting setuptools
#9 5.054   Downloading setuptools-80.9.0-py3-none-any.whl.metadata (6.6 kB)
#9 5.092 Requirement already satisfied: wheel in /usr/local/lib/python3.11/site-packages (0.45.1)
#9 5.329 Downloading pip-25.3-py3-none-any.whl (1.8 MB)
#9 11.06    ━━━━━━━━━━━━━━━━━━━━━━━━━━━━━━━━━━━━━━━━ 1.8/1.8 MB 310.1 kB/s eta 0:00:00
#9 11.16 Downloading setuptools-80.9.0-py3-none-any.whl (1.2 MB)
#9 16.73    ━━━━━━━━━━━━━━━━━━━━━━━━━━━━━━━━━━━━━━━━ 1.2/1.2 MB 215.3 kB/s eta 0:00:00
#9 16.84 Installing collected packages: setuptools, pip
#9 16.84   Attempting uninstall: setuptools
#9 16.84     Found existing installation: setuptools 79.0.1
#9 16.87     Uninstalling setuptools-79.0.1:
#9 17.09       Successfully uninstalled setuptools-79.0.1
#9 17.55   Attempting uninstall: pip
#9 17.55     Found existing installation: pip 24.0
#9 17.57     Uninstalling pip-24.0:
#9 17.66       Successfully uninstalled pip-24.0
#9 18.21 Successfully installed pip-25.3 setuptools-80.9.0
#9 18.21 WARNING: Running pip as the 'root' user can result in broken permissions and conflicting behaviour with the system package manager. It is recommended to use a virtual environment instead: https://pip.pypa.io/warnings/venv
#9 29.80 Collecting fastapi==0.95.2 (from -r requirements.txt (line 1))
#9 39.67   Downloading fastapi-0.95.2-py3-none-any.whl.metadata (24 kB)
#9 42.57 Collecting uvicorn==0.22.0 (from uvicorn[standard]==0.22.0->-r requirements.txt (line 2))
#9 45.87   Downloading uvicorn-0.22.0-py3-none-any.whl.metadata (6.3 kB)
#9 60.96 WARNING: Retrying (Retry(total=4, connect=None, read=None, redirect=None, status=None)) after connection broken by 'ReadTimeoutError("HTTPSConnectionPool(host='pypi.org', port=443): Read timed out. (read timeout=15)")': /simple/numpy/
#9 102.4 Collecting numpy==1.26.4 (from -r requirements.txt (line 3))
#9 102.5   Downloading numpy-1.26.4-cp311-cp311-manylinux_2_17_x86_64.manylinux2014_x86_64.whl.metadata (61 kB)
#9 104.3 Collecting scipy==1.10.1 (from -r requirements.txt (line 4))
#9 104.4   Downloading scipy-1.10.1-cp311-cp311-manylinux_2_17_x86_64.manylinux2014_x86_64.whl.metadata (58 kB)
#9 105.4 Collecting scikit-learn==1.8.0 (from -r requirements.txt (line 5))
#9 105.6   Downloading scikit_learn-1.8.0-cp311-cp311-manylinux_2_27_x86_64.manylinux_2_28_x86_64.whl.metadata (11 kB)
#9 106.0 Collecting joblib==1.5.3 (from -r requirements.txt (line 6))
#9 106.4   Downloading joblib-1.5.3-py3-none-any.whl.metadata (5.5 kB)
#9 106.6 Collecting threadpoolctl>=3.2.0 (from -r requirements.txt (line 7))
#9 107.0   Downloading threadpoolctl-3.6.0-py3-none-any.whl.metadata (13 kB)
#9 107.2 Collecting python-multipart==0.0.21 (from -r requirements.txt (line 8))
#9 107.3   Downloading python_multipart-0.0.21-py3-none-any.whl.metadata (1.8 kB)
#9 107.6 Collecting aiofiles==25.1.0 (from -r requirements.txt (line 9))
#9 108.0   Downloading aiofiles-25.1.0-py3-none-any.whl.metadata (6.3 kB)
#9 108.4 Collecting requests==2.32.5 (from -r requirements.txt (line 10))
#9 108.4   Downloading requests-2.32.5-py3-none-any.whl.metadata (4.9 kB)
#9 108.7 Collecting httpx==0.24.1 (from -r requirements.txt (line 11))
#9 109.0   Downloading httpx-0.24.1-py3-none-any.whl.metadata (7.4 kB)
#9 110.6 Collecting pydantic!=1.7,!=1.7.1,!=1.7.2,!=1.7.3,!=1.8,!=1.8.1,<2.0.0,>=1.6.2 (from fastapi==0.95.2->-r requirements.txt (line 1))
#9 110.8   Downloading pydantic-1.10.26-cp311-cp311-manylinux2014_x86_64.manylinux_2_17_x86_64.whl.metadata (155 kB)
#9 111.8 Collecting starlette<0.28.0,>=0.27.0 (from fastapi==0.95.2->-r requirements.txt (line 1))
#9 111.9   Downloading starlette-0.27.0-py3-none-any.whl.metadata (5.8 kB)
#9 112.1 Collecting click>=7.0 (from uvicorn==0.22.0->uvicorn[standard]==0.22.0->-r requirements.txt (line 2))
#9 112.2   Downloading click-8.3.1-py3-none-any.whl.metadata (2.6 kB)
#9 112.3 Collecting h11>=0.8 (from uvicorn==0.22.0->uvicorn[standard]==0.22.0->-r requirements.txt (line 2))
#9 112.4   Downloading h11-0.16.0-py3-none-any.whl.metadata (8.3 kB)
#9 113.0 Collecting charset_normalizer<4,>=2 (from requests==2.32.5->-r requirements.txt (line 10))
#9 113.1   Downloading charset_normalizer-3.4.4-cp311-cp311-manylinux2014_x86_64.manylinux_2_17_x86_64.manylinux_2_28_x86_64.whl.metadata (37 kB)
#9 113.3 Collecting idna<4,>=2.5 (from requests==2.32.5->-r requirements.txt (line 10))
#9 113.4   Downloading idna-3.11-py3-none-any.whl.metadata (8.4 kB)
#9 113.6 Collecting urllib3<3,>=1.21.1 (from requests==2.32.5->-r requirements.txt (line 10))
#9 113.6   Downloading urllib3-2.6.2-py3-none-any.whl.metadata (6.6 kB)
#9 113.8 Collecting certifi>=2017.4.17 (from requests==2.32.5->-r requirements.txt (line 10))
#9 113.9   Downloading certifi-2025.11.12-py3-none-any.whl.metadata (2.5 kB)
#9 114.0 Collecting httpcore<0.18.0,>=0.15.0 (from httpx==0.24.1->-r requirements.txt (line 11))
#9 114.0   Downloading httpcore-0.17.3-py3-none-any.whl.metadata (18 kB)
#9 114.2 Collecting sniffio (from httpx==0.24.1->-r requirements.txt (line 11))
#9 114.2   Downloading sniffio-1.3.1-py3-none-any.whl.metadata (3.9 kB)
#9 114.4 Collecting httptools>=0.5.0 (from uvicorn[standard]==0.22.0->-r requirements.txt (line 2))
#9 114.5   Downloading httptools-0.7.1-cp311-cp311-manylinux1_x86_64.manylinux_2_28_x86_64.manylinux_2_5_x86_64.whl.metadata (3.5 kB)
#9 114.6 Collecting python-dotenv>=0.13 (from uvicorn[standard]==0.22.0->-r requirements.txt (line 2))
#9 114.7   Downloading python_dotenv-1.2.1-py3-none-any.whl.metadata (25 kB)
#9 114.9 Collecting pyyaml>=5.1 (from uvicorn[standard]==0.22.0->-r requirements.txt (line 2))
#9 115.0   Downloading pyyaml-6.0.3-cp311-cp311-manylinux2014_x86_64.manylinux_2_17_x86_64.manylinux_2_28_x86_64.whl.metadata (2.4 kB)
#9 115.2 Collecting uvloop!=0.15.0,!=0.15.1,>=0.14.0 (from uvicorn[standard]==0.22.0->-r requirements.txt (line 2))
#9 115.3   Downloading uvloop-0.22.1-cp311-cp311-manylinux2014_x86_64.manylinux_2_17_x86_64.manylinux_2_28_x86_64.whl.metadata (4.9 kB)
#9 116.1 Collecting watchfiles>=0.13 (from uvicorn[standard]==0.22.0->-r requirements.txt (line 2))
#9 116.2   Downloading watchfiles-1.1.1-cp311-cp311-manylinux_2_17_x86_64.manylinux2014_x86_64.whl.metadata (4.9 kB)
#9 116.6 Collecting websockets>=10.4 (from uvicorn[standard]==0.22.0->-r requirements.txt (line 2))
#9 116.7   Downloading websockets-15.0.1-cp311-cp311-manylinux_2_5_x86_64.manylinux1_x86_64.manylinux_2_17_x86_64.manylinux2014_x86_64.whl.metadata (6.8 kB)
#9 116.7 Collecting h11>=0.8 (from uvicorn==0.22.0->uvicorn[standard]==0.22.0->-r requirements.txt (line 2))
#9 116.8   Downloading h11-0.14.0-py3-none-any.whl.metadata (8.2 kB)
#9 116.9 Collecting anyio<5.0,>=3.0 (from httpcore<0.18.0,>=0.15.0->httpx==0.24.1->-r requirements.txt (line 11))
#9 117.0   Downloading anyio-4.12.0-py3-none-any.whl.metadata (4.3 kB)
#9 117.1 Collecting typing_extensions>=4.5 (from anyio<5.0,>=3.0->httpcore<0.18.0,>=0.15.0->httpx==0.24.1->-r requirements.txt (line 11))
#9 117.2   Downloading typing_extensions-4.15.0-py3-none-any.whl.metadata (3.3 kB)
#9 117.3 Downloading fastapi-0.95.2-py3-none-any.whl (56 kB)
#9 117.6 Downloading uvicorn-0.22.0-py3-none-any.whl (58 kB)
#9 117.8 Downloading numpy-1.26.4-cp311-cp311-manylinux_2_17_x86_64.manylinux2014_x86_64.whl (18.3 MB)
#9 160.1    ━━━━━━━━━━━━━━━━━━━━━━━━━━━━━━━━━━━━━━━━ 18.3/18.3 MB 445.4 kB/s  0:00:42
#9 160.4 Downloading scipy-1.10.1-cp311-cp311-manylinux_2_17_x86_64.manylinux2014_x86_64.whl (34.1 MB)
#9 233.8    ━━━━━━━━━━━━━━━━━━━━━━━━━━━━━━━━━━━━━━━━ 34.1/34.1 MB 439.4 kB/s  0:01:13
#9 233.9 Downloading scikit_learn-1.8.0-cp311-cp311-manylinux_2_27_x86_64.manylinux_2_28_x86_64.whl (9.1 MB)
#9 260.0    ━━━━━━━━━━━━━━━━━━━━━━━━━━━━━━━━━━━━━━━━ 9.1/9.1 MB 346.2 kB/s  0:00:26
#9 260.3 Downloading joblib-1.5.3-py3-none-any.whl (309 kB)
#9 261.5 Downloading python_multipart-0.0.21-py3-none-any.whl (24 kB)
#9 261.7 Downloading aiofiles-25.1.0-py3-none-any.whl (14 kB)
#9 261.8 Downloading requests-2.32.5-py3-none-any.whl (64 kB)
#9 262.2 Downloading httpx-0.24.1-py3-none-any.whl (75 kB)
#9 262.5 Downloading charset_normalizer-3.4.4-cp311-cp311-manylinux2014_x86_64.manylinux_2_17_x86_64.manylinux_2_28_x86_64.whl (151 kB)
#9 263.1 Downloading httpcore-0.17.3-py3-none-any.whl (74 kB)
#9 263.4 Downloading anyio-4.12.0-py3-none-any.whl (113 kB)
#9 263.7 Downloading h11-0.14.0-py3-none-any.whl (58 kB)
#9 263.9 Downloading idna-3.11-py3-none-any.whl (71 kB)
#9 264.2 Downloading pydantic-1.10.26-cp311-cp311-manylinux2014_x86_64.manylinux_2_17_x86_64.whl (2.8 MB)
#9 273.0    ━━━━━━━━━━━━━━━━━━━━━━━━━━━━━━━━━━━━━━━━ 2.8/2.8 MB 307.4 kB/s  0:00:08
#9 273.1 Downloading sniffio-1.3.1-py3-none-any.whl (10 kB)
#9 273.2 Downloading starlette-0.27.0-py3-none-any.whl (66 kB)
#9 273.4 Downloading urllib3-2.6.2-py3-none-any.whl (131 kB)
#9 273.8 Downloading threadpoolctl-3.6.0-py3-none-any.whl (18 kB)
#9 273.9 Downloading certifi-2025.11.12-py3-none-any.whl (159 kB)
#9 274.3 Downloading click-8.3.1-py3-none-any.whl (108 kB)
#9 274.8 Downloading httptools-0.7.1-cp311-cp311-manylinux1_x86_64.manylinux_2_28_x86_64.manylinux_2_5_x86_64.whl (456 kB)
#9 276.1 Downloading python_dotenv-1.2.1-py3-none-any.whl (21 kB)
#9 276.4 Downloading pyyaml-6.0.3-cp311-cp311-manylinux2014_x86_64.manylinux_2_17_x86_64.manylinux_2_28_x86_64.whl (806 kB)
#9 278.3    ━━━━━━━━━━━━━━━━━━━━━━━━━━━━━━━━━━━━━━━━ 806.6/806.6 kB 726.5 kB/s  0:00:01
#9 278.6 Downloading typing_extensions-4.15.0-py3-none-any.whl (44 kB)
#9 278.7 Downloading uvloop-0.22.1-cp311-cp311-manylinux2014_x86_64.manylinux_2_17_x86_64.manylinux_2_28_x86_64.whl (3.8 MB)
#9 286.3    ━━━━━━━━━━━━━━━━━━━━━━━━━━━━━━━━━━━━━━━━ 3.8/3.8 MB 501.9 kB/s  0:00:07
#9 286.5 Downloading watchfiles-1.1.1-cp311-cp311-manylinux_2_17_x86_64.manylinux2014_x86_64.whl (456 kB)
#9 287.6 Downloading websockets-15.0.1-cp311-cp311-manylinux_2_5_x86_64.manylinux1_x86_64.manylinux_2_17_x86_64.manylinux2014_x86_64.whl (182 kB)
#9 288.0 Installing collected packages: websockets, uvloop, urllib3, typing_extensions, threadpoolctl, sniffio, pyyaml, python-multipart, python-dotenv, numpy, joblib, idna, httptools, h11, click, charset_normalizer, certifi, aiofiles, uvicorn, scipy, requests, pydantic, anyio, watchfiles, starlette, scikit-learn, httpcore, httpx, fastapi
#9 294.7 
#9 294.7 WARNING: Running pip as the 'root' user can result in broken permissions and conflicting behaviour with the system package manager, possibly rendering your system unusable. It is recommended to use a virtual environment instead: https://pip.pypa.io/warnings/venv. Use the --root-user-action option if you know what you are doing and want to suppress this warning.
#9 294.7 Successfully installed aiofiles-25.1.0 anyio-4.12.0 certifi-2025.11.12 charset_normalizer-3.4.4 click-8.3.1 fastapi-0.95.2 h11-0.14.0 httpcore-0.17.3 httptools-0.7.1 httpx-0.24.1 idna-3.11 joblib-1.5.3 numpy-1.26.4 pydantic-1.10.26 python-dotenv-1.2.1 python-multipart-0.0.21 pyyaml-6.0.3 requests-2.32.5 scikit-learn-1.8.0 scipy-1.10.1 sniffio-1.3.1 starlette-0.27.0 threadpoolctl-3.6.0 typing_extensions-4.15.0 urllib3-2.6.2 uvicorn-0.22.0 uvloop-0.22.1 watchfiles-1.1.1 websockets-15.0.1
#9 DONE 295.5s

#10 [6/6] COPY . /app
#10 DONE 0.4s

#11 exporting to image
#11 exporting layers
#11 exporting layers 1.4s done
#11 writing image sha256:748a5e6c89ea250d5a8d7bf388475571600fcf9e17bfbdd44eccdadbcee4aa9e done
#11 naming to docker.io/library/beewaf:sklearn done
#11 DONE 1.5s
