#0 building with "default" instance using docker driver

#1 [internal] load build definition from Dockerfile.full
#1 transferring dockerfile: 784B done
#1 DONE 0.0s

#2 [internal] load metadata for docker.io/library/python:3.11-slim
#2 DONE 0.0s

#3 [internal] load .dockerignore
#3 transferring context: 2B done
#3 DONE 0.0s

#4 [1/6] FROM docker.io/library/python:3.11-slim
#4 DONE 0.0s

#5 [internal] load build context
#5 transferring context: 507.32kB 0.1s done
#5 DONE 0.1s

#6 [2/6] WORKDIR /app
#6 CACHED

#7 [3/6] RUN apt-get update && apt-get install -y --no-install-recommends     build-essential     libblas-dev     liblapack-dev     gfortran     wget     clamav     clamav-daemon     && rm -rf /var/lib/apt/lists/*
#7 CACHED

#8 [4/6] COPY requirements.txt ./
#8 CACHED

#9 [5/6] RUN pip install --no-cache-dir -U pip setuptools wheel &&     pip install --no-cache-dir fastapi==0.95.2 uvicorn==0.22.0 python-multipart aiofiles requests httpx numpy scikit-learn || true
#9 1.784 Requirement already satisfied: pip in /usr/local/lib/python3.11/site-packages (24.0)
#9 2.070 Collecting pip
#9 2.775   Downloading pip-25.3-py3-none-any.whl.metadata (4.7 kB)
#9 3.137 Requirement already satisfied: setuptools in /usr/local/lib/python3.11/site-packages (79.0.1)
#9 3.453 Collecting setuptools
#9 3.581   Downloading setuptools-80.9.0-py3-none-any.whl.metadata (6.6 kB)
#9 3.775 Requirement already satisfied: wheel in /usr/local/lib/python3.11/site-packages (0.45.1)
#9 4.079 Downloading pip-25.3-py3-none-any.whl (1.8 MB)
#9 42.38    ━━━━━━━━━━━━━━━━━━━━━━━━━━━━━━━━━━━━━━━━ 1.8/1.8 MB 46.3 kB/s eta 0:00:00
#9 42.59 Downloading setuptools-80.9.0-py3-none-any.whl (1.2 MB)
#9 68.62    ━━━━━━━━━━━━━━━━━━━━━━━━━━━━━━━━━━━━━━━━ 1.2/1.2 MB 46.7 kB/s eta 0:00:00
#9 68.68 Installing collected packages: setuptools, pip
#9 68.68   Attempting uninstall: setuptools
#9 68.69     Found existing installation: setuptools 79.0.1
#9 68.70     Uninstalling setuptools-79.0.1:
#9 68.92       Successfully uninstalled setuptools-79.0.1
#9 69.43   Attempting uninstall: pip
#9 69.43     Found existing installation: pip 24.0
#9 69.47     Uninstalling pip-24.0:
#9 69.62       Successfully uninstalled pip-24.0
#9 70.27 Successfully installed pip-25.3 setuptools-80.9.0
#9 70.27 WARNING: Running pip as the 'root' user can result in broken permissions and conflicting behaviour with the system package manager. It is recommended to use a virtual environment instead: https://pip.pypa.io/warnings/venv
#9 71.21 Collecting fastapi==0.95.2
#9 71.97   Downloading fastapi-0.95.2-py3-none-any.whl.metadata (24 kB)
#9 72.10 Collecting uvicorn==0.22.0
#9 72.28   Downloading uvicorn-0.22.0-py3-none-any.whl.metadata (6.3 kB)
#9 72.41 Collecting python-multipart
#9 72.52   Downloading python_multipart-0.0.21-py3-none-any.whl.metadata (1.8 kB)
#9 72.60 Collecting aiofiles
#9 72.79   Downloading aiofiles-25.1.0-py3-none-any.whl.metadata (6.3 kB)
#9 73.01 Collecting requests
#9 73.20   Downloading requests-2.32.5-py3-none-any.whl.metadata (4.9 kB)
#9 73.90 Collecting httpx
#9 74.02   Downloading httpx-0.28.1-py3-none-any.whl.metadata (7.1 kB)
#9 74.42 Collecting numpy
#9 74.64   Downloading numpy-2.4.0-cp311-cp311-manylinux_2_27_x86_64.manylinux_2_28_x86_64.whl.metadata (6.6 kB)
#9 74.79 Collecting scikit-learn
#9 74.94   Downloading scikit_learn-1.8.0-cp311-cp311-manylinux_2_27_x86_64.manylinux_2_28_x86_64.whl.metadata (11 kB)
#9 75.19 Collecting pydantic!=1.7,!=1.7.1,!=1.7.2,!=1.7.3,!=1.8,!=1.8.1,<2.0.0,>=1.6.2 (from fastapi==0.95.2)
#9 75.35   Downloading pydantic-1.10.26-cp311-cp311-manylinux2014_x86_64.manylinux_2_17_x86_64.whl.metadata (155 kB)
#9 75.98 Collecting starlette<0.28.0,>=0.27.0 (from fastapi==0.95.2)
#9 76.17   Downloading starlette-0.27.0-py3-none-any.whl.metadata (5.8 kB)
#9 76.30 Collecting click>=7.0 (from uvicorn==0.22.0)
#9 76.48   Downloading click-8.3.1-py3-none-any.whl.metadata (2.6 kB)
#9 76.57 Collecting h11>=0.8 (from uvicorn==0.22.0)
#9 76.67   Downloading h11-0.16.0-py3-none-any.whl.metadata (8.3 kB)
#9 76.78 Collecting typing-extensions>=4.2.0 (from pydantic!=1.7,!=1.7.1,!=1.7.2,!=1.7.3,!=1.8,!=1.8.1,<2.0.0,>=1.6.2->fastapi==0.95.2)
#9 76.99   Downloading typing_extensions-4.15.0-py3-none-any.whl.metadata (3.3 kB)
#9 77.10 Collecting anyio<5,>=3.4.0 (from starlette<0.28.0,>=0.27.0->fastapi==0.95.2)
#9 77.30   Downloading anyio-4.12.0-py3-none-any.whl.metadata (4.3 kB)
#9 77.38 Collecting idna>=2.8 (from anyio<5,>=3.4.0->starlette<0.28.0,>=0.27.0->fastapi==0.95.2)
#9 77.50   Downloading idna-3.11-py3-none-any.whl.metadata (8.4 kB)
#9 77.68 Collecting charset_normalizer<4,>=2 (from requests)
#9 78.01   Downloading charset_normalizer-3.4.4-cp311-cp311-manylinux2014_x86_64.manylinux_2_17_x86_64.manylinux_2_28_x86_64.whl.metadata (37 kB)
#9 78.15 Collecting urllib3<3,>=1.21.1 (from requests)
#9 78.32   Downloading urllib3-2.6.2-py3-none-any.whl.metadata (6.6 kB)
#9 78.41 Collecting certifi>=2017.4.17 (from requests)
#9 78.54   Downloading certifi-2025.11.12-py3-none-any.whl.metadata (2.5 kB)
#9 78.62 Collecting httpcore==1.* (from httpx)
#9 78.71   Downloading httpcore-1.0.9-py3-none-any.whl.metadata (21 kB)
#9 79.03 Collecting scipy>=1.10.0 (from scikit-learn)
#9 79.25   Downloading scipy-1.16.3-cp311-cp311-manylinux2014_x86_64.manylinux_2_17_x86_64.whl.metadata (62 kB)
#9 79.71 Collecting joblib>=1.3.0 (from scikit-learn)
#9 79.82   Downloading joblib-1.5.3-py3-none-any.whl.metadata (5.5 kB)
#9 79.92 Collecting threadpoolctl>=3.2.0 (from scikit-learn)
#9 80.06   Downloading threadpoolctl-3.6.0-py3-none-any.whl.metadata (13 kB)
#9 80.27 Downloading fastapi-0.95.2-py3-none-any.whl (56 kB)
#9 80.68 Downloading uvicorn-0.22.0-py3-none-any.whl (58 kB)
#9 81.06 Downloading pydantic-1.10.26-cp311-cp311-manylinux2014_x86_64.manylinux_2_17_x86_64.whl (2.8 MB)
#9 123.5    ━━━━━━━━━━━━━━━━━━━━━━━━━━━━━━━━━━━━━━━━ 2.8/2.8 MB 70.4 kB/s  0:00:42
#9 123.7 Downloading starlette-0.27.0-py3-none-any.whl (66 kB)
#9 124.6 Downloading anyio-4.12.0-py3-none-any.whl (113 kB)
#9 127.3 Downloading python_multipart-0.0.21-py3-none-any.whl (24 kB)
#9 128.4 Downloading aiofiles-25.1.0-py3-none-any.whl (14 kB)
#9 128.9 Downloading requests-2.32.5-py3-none-any.whl (64 kB)
#9 130.1 Downloading charset_normalizer-3.4.4-cp311-cp311-manylinux2014_x86_64.manylinux_2_17_x86_64.manylinux_2_28_x86_64.whl (151 kB)
#9 131.8 Downloading idna-3.11-py3-none-any.whl (71 kB)
#9 133.6 Downloading urllib3-2.6.2-py3-none-any.whl (131 kB)
#9 137.9 Downloading httpx-0.28.1-py3-none-any.whl (73 kB)
#9 140.2 Downloading httpcore-1.0.9-py3-none-any.whl (78 kB)
#9 141.3 Downloading numpy-2.4.0-cp311-cp311-manylinux_2_27_x86_64.manylinux_2_28_x86_64.whl (16.6 MB)
#9 ...

#6 [2/6] WORKDIR /app
#6 CACHED

#9 [5/6] RUN pip install --no-cache-dir -U pip setuptools wheel &&     pip install --no-cache-dir fastapi==0.95.2 uvicorn==0.22.0 python-multipart aiofiles requests httpx numpy scikit-learn || true
#9 454.1    ━━━━━━━━━━━━━━━━━━━━━━━━━━━━━━━━━━━━━━━━ 16.6/16.6 MB 52.3 kB/s  0:05:12
#9 454.2 Downloading scikit_learn-1.8.0-cp311-cp311-manylinux_2_27_x86_64.manylinux_2_28_x86_64.whl (9.1 MB)
#9 628.5    ━━━━━━━━━━━━━━━━━━━━━━━━━━━━━━━━━━━━━━━━ 9.1/9.1 MB 86.7 kB/s  0:02:54
#9 628.6 Downloading certifi-2025.11.12-py3-none-any.whl (159 kB)
#9 629.1 Downloading click-8.3.1-py3-none-any.whl (108 kB)
#9 629.4 Downloading h11-0.16.0-py3-none-any.whl (37 kB)
#9 629.6 Downloading joblib-1.5.3-py3-none-any.whl (309 kB)
#9 630.2 Downloading scipy-1.16.3-cp311-cp311-manylinux2014_x86_64.manylinux_2_17_x86_64.whl (35.9 MB)
#9 707.5    ━━━━━━━━━━━━━━━━━━━━━━━━━━━━━━━━━━━━━━━━ 35.9/35.9 MB 608.6 kB/s  0:01:17
#9 707.7 Downloading threadpoolctl-3.6.0-py3-none-any.whl (18 kB)
#9 708.0 Downloading typing_extensions-4.15.0-py3-none-any.whl (44 kB)
#9 708.5 Installing collected packages: urllib3, typing-extensions, threadpoolctl, python-multipart, numpy, joblib, idna, h11, click, charset_normalizer, certifi, aiofiles, uvicorn, scipy, requests, pydantic, httpcore, anyio, starlette, scikit-learn, httpx, fastapi
#9 715.7 
#9 715.7 Successfully installed aiofiles-25.1.0 anyio-4.12.0 certifi-2025.11.12 charset_normalizer-3.4.4 click-8.3.1 fastapi-0.95.2 h11-0.16.0 httpcore-1.0.9 httpx-0.28.1 idna-3.11 joblib-1.5.3 numpy-2.4.0 pydantic-1.10.26 python-multipart-0.0.21 requests-2.32.5 scikit-learn-1.8.0 scipy-1.16.3 starlette-0.27.0 threadpoolctl-3.6.0 typing-extensions-4.15.0 urllib3-2.6.2 uvicorn-0.22.0
#9 715.7 WARNING: Running pip as the 'root' user can result in broken permissions and conflicting behaviour with the system package manager, possibly rendering your system unusable. It is recommended to use a virtual environment instead: https://pip.pypa.io/warnings/venv. Use the --root-user-action option if you know what you are doing and want to suppress this warning.
#9 DONE 716.4s

#10 [6/6] COPY . /app
#10 DONE 0.3s

#11 exporting to image
#11 exporting layers
#11 exporting layers 0.7s done
#11 writing image sha256:648992149fb110f4fd6ee17ba356b234d54d9095e011a7c3a1c3fada8658098f done
#11 naming to docker.io/library/beewaf:full done
#11 DONE 0.7s
